<?xml version="1.0" ?>
<?xml-stylesheet type='text/xsl' href='stylesheet.xsl'?>
<testsuites>
	<testsuite name="E2E.Disabled" time="-14195.0">
		<testcase awsrequestid="19cc1dd2-aa46-11e8-9cbc-519e0dbb0270" classname="E2E.Disabled" isexpired="false" isfailed="false" ispassed="false" isretried="0" isskipped="true" jobId="18-08-27-18-10-015143" loggroupid="/aws/lambda/straferduty-manual-RunTask-1AR8QVPEGAYA8" logstreamname="2018/08/27/[$LATEST]5dc0d35f5459451c9b982f131d5752f0" name="can be disabled and hidden from the Jasmine reporter #integrationSuite" testid="6-18-08-27-18-10-015143" testindex="6" time="-14195">
			
		
			<skipped/>
			
	
		</testcase>
		

	</testsuite>
	<testsuite name="E2E.Expired" time="0.0">
		<testcase awsrequestid="NA" classname="E2E.Expired" isexpired="true" isfailed="true" ispassed="false" isskipped="false" jobId="18-08-27-18-10-015143" loggroupid="NA" logstreamname="NA" name="Expired test is considered failed" testid="99-18-08-27-18-10-015143" testindex="99" time="0">
			

			<failure message="Exceeded Timeout in AWS Lambda, see cloudwatch log!" type="AWS_TIMEOUT"/>
		</testcase>
		

	</testsuite>
	<testsuite name="E2E.Protractor sync test cases" time="1.056">
		<testcase awsrequestid="199d6c6a-aa46-11e8-a09b-b73ea3b6f2e5" classname="E2E.Protractor sync test cases" isexpired="false" isfailed="true" ispassed="false" isretried="false" isskipped="false" jobId="18-08-27-18-10-015143" loggroupid="/aws/lambda/straferduty-manual-RunTask-1AR8QVPEGAYA8" logstreamname="2018/08/27/[$LATEST]eddc0670c7bb47a4a2e7a15e6896fbf1" name="should fail if an element is not supposed to exist but is found #integrationSuite" testid="1-18-08-27-18-10-015143" testindex="1" time="0.716">
			
		
			
   
			
		
			<failure message="Expected 'Error: .element-does-exist was found when it should not exist!  &#10;    at onTimeout (/tmp/lambda_protractor/app/selection.ts:51:13)  &#10;    at Object.polledWait (/tmp/lambda_protractor/app/polled-wait.ts:35:9)  &#10;    at _getElements (/tmp/lambda_protractor/app/selection.ts:76:10)  &#10;    at Object.assertElementDoesNotExist (/tmp/lambda_protractor/app/selection.ts:146:20)  &#10;    at ElementFinderSync.assertElementDoesNotExist (/tmp/lambda_protractor/app/element-finder-sync.ts:38:12)  &#10;    at /tmp/lambda_protractor/test/spec/protractor_sync_test.ts:70:18  &#10;    at /tmp/lambda_protractor/test/spec/protractor_sync_test.ts:43:13  &#10;    at fiberContents (/tmp/lambda_protractor/node_modules/asyncblock/lib/asyncblock.js:92:26) &#10; === Pre-asyncblock stack ===&#10;Error  &#10;    at module.exports (/tmp/lambda_protractor/node_modules/asyncblock/lib/asyncblock.js:29:15)  &#10;    at UserContext.&lt;anonymous&gt; (/tmp/lambda_protractor/test/spec/protractor_sync_test.ts:42:9)  &#10;    at /tmp/lambda_protractor/node_modules/jasminewd2/index.js:108:15  &#10;    at new ManagedPromise (/tmp/lambda_protractor/node_modules/selenium-webdriver/lib/promise.js:1077:7)  &#10;    at ControlFlow.promise (/tmp/lambda_protractor/node_modules/selenium-webdriver/lib/promise.js:2505:12)  &#10;    at schedulerExecute (/tmp/lambda_protractor/node_modules/jasminewd2/index.js:95:18)  &#10;    at TaskQueue.execute_ (/tmp/lambda_protractor/node_modules/selenium-webdriver/lib/promise.js:3084:14)  &#10;    at TaskQueue.executeNext_ (/tmp/lambda_protractor/node_modules/selenium-webdriver/lib/promise.js:3067:27)  &#10;    at asyncRun (/tmp/lambda_protractor/node_modules/selenium-webdriver/lib/promise.js:2974:25)  &#10;    at /tmp/lambda_protractor/node_modules/selenium-webdriver/lib/promise.js:668:7' to be undefined." type="toBeUndefined">Error: Failed expectation&#10;    at FiberFlow.errorCallback (/tmp/lambda_protractor/test/spec/protractor_sync_test.ts:48:62)&#10;    at FiberFlow.Flow._errorHandler (/tmp/lambda_protractor/node_modules/asyncblock-generators/lib/flow.js:530:18)&#10;    at fiberContents (/tmp/lambda_protractor/node_modules/asyncblock/lib/asyncblock.js:98:18)
   </failure>
			
		
			
  
		
	
		</testcase>
		
	
		
  
	

		<testcase awsrequestid="19b75d25-aa46-11e8-a337-a1c71ce99289" classname="E2E.Protractor sync test cases" isexpired="false" isfailed="false" ispassed="false" isretried="false" isskipped="true" jobId="18-08-27-18-10-015143" loggroupid="/aws/lambda/straferduty-manual-RunTask-1AR8QVPEGAYA8" logstreamname="2018/08/27/[$LATEST]06e4d8f3980844a1b06998fa53c5efde" name="can be skipped if we want them to #integrationSuite" testid="4-18-08-27-18-10-015143" testindex="4" time="0">
			
		
			
   
			
		
			<skipped/>
			
		
			
  
		
	
		</testcase>
		
	
		
  
		

		<testcase awsrequestid="19c31cc2-aa46-11e8-812e-d9c180ec8d0c" classname="E2E.Protractor sync test cases" isexpired="false" isfailed="false" ispassed="false" isretried="false" isskipped="true" jobId="18-08-27-18-10-015143" loggroupid="/aws/lambda/straferduty-manual-RunTask-1AR8QVPEGAYA8" logstreamname="2018/08/27/[$LATEST]9ee9dd79b62547318189bfc000e7e6a9" name="can be skipped by protractor but filtered from final report (#integrationSuite, #quarantine)" testid="5-18-08-27-18-10-015143" testindex="5" time="0">
			
		
			
   
			
		
			<skipped/>
			
		
			
  
		
	
		</testcase>
		
	
		
 
		

		<testcase awsrequestid="19a386d1-aa46-11e8-b3f7-cd7724697ab6" classname="E2E.Protractor sync test cases" isexpired="false" isfailed="false" ispassed="true" isretried="false" isskipped="false" jobId="18-08-27-18-10-015143" loggroupid="/aws/lambda/straferduty-manual-RunTask-1AR8QVPEGAYA8" logstreamname="2018/08/27/[$LATEST]8cf5719b68d64455b023914f6e4e1512" name="should pass if an element is not supposed to exist and is missing #integrationSuite" testid="2-18-08-27-18-10-015143" testindex="2" time="0.2"/>
		
	
		
  
	

		<testcase awsrequestid="19ae0df0-aa46-11e8-9ba9-1d8166fa3c78" classname="E2E.Protractor sync test cases" isexpired="false" isfailed="false" ispassed="true" isretried="true" isskipped="false" jobId="18-08-27-18-10-015143" loggroupid="/aws/lambda/straferduty-manual-RunTask-1AR8QVPEGAYA8" logstreamname="2018/08/27/[$LATEST]cc85af7c7f814c69a5d48cf0dcbd4529" name="can retry if they fail when configured #integrationSuite" testid="3-18-08-27-18-10-015143" testindex="3" time="0.14">
			
		
			
		
			<rerunFailure attemptnumber="1" message="HTTP 500"/>
			
		
		
	
		</testcase>
		
	
		
  
		

	</testsuite>
</testsuites>
